<?xml version="1.0" encoding="UTF-8"?>
<testng-results ignored="0" total="1" passed="1" failed="0" skipped="0">
  <reporter-output>
  </reporter-output>
  <suite started-at="2024-04-25T20:24:57 IST" name="Default suite" finished-at="2024-04-25T20:24:57 IST" duration-ms="107">
    <groups>
    </groups>
    <test started-at="2024-04-25T20:24:57 IST" name="Default test" finished-at="2024-04-25T20:24:57 IST" duration-ms="107">
      <class name="Java_Inheritance.PS2">
        <test-method is-config="true" signature="beforeRun()[pri:0, instance:Java_Inheritance.PS2@21282ed8]" started-at="2024-04-25T20:24:57 IST" name="beforeRun" finished-at="2024-04-25T20:24:57 IST" duration-ms="22" status="PASS">
          <reporter-output>
          </reporter-output>
        </test-method> <!-- beforeRun -->
        <test-method signature="testRun()[pri:0, instance:Java_Inheritance.PS2@21282ed8]" started-at="2024-04-25T20:24:57 IST" name="testRun" finished-at="2024-04-25T20:24:57 IST" duration-ms="13" status="PASS">
          <reporter-output>
          </reporter-output>
        </test-method> <!-- testRun -->
        <test-method is-config="true" signature="afterRun()[pri:0, instance:Java_Inheritance.PS2@21282ed8]" started-at="2024-04-25T20:24:57 IST" name="afterRun" finished-at="2024-04-25T20:24:57 IST" duration-ms="1" status="PASS">
          <reporter-output>
          </reporter-output>
        </test-method> <!-- afterRun -->
      </class> <!-- Java_Inheritance.PS2 -->
    </test> <!-- Default test -->
  </suite> <!-- Default suite -->
</testng-results>
