<?xml version="1.0" encoding="UTF-8"?>
<!-- Generated by org.testng.reporters.JUnitXMLReporter -->
<testsuite ignored="1" hostname="sampritis-MacBook-Pro.local" failures="0" tests="6" name="Car Loan" time="0.317" errors="0" timestamp="2024-04-24T22:08:32 IST">
  <testcase classname="test.day3" name="MobileLoginCarLoan" time="0.006"/>
  <testcase classname="test.day3" name="MobileSignInCarLoan" time="0.012"/>
  <testcase classname="test.day3" name="MobileSignOutCarLoan" time="0.006"/>
  <testcase classname="test.day3" name="MobileSignOutCarLoan" time="0.01"/>
  <testcase classname="test.day3" name="MobileSignOutCarLoan" time="0.009"/>
  <testcase classname="test.day3" name="WebCarLogin" time="0.001"/>
  <testcase classname="test.day3" name="APILoginCarLoan" time="0.0">
    <ignored/>
  </testcase> <!-- APILoginCarLoan -->
</testsuite> <!-- Car Loan -->
