<?xml version="1.0" encoding="UTF-8"?>
<!-- Generated by org.testng.reporters.JUnitXMLReporter -->
<testsuite ignored="3" hostname="sampritis-MacBook-Pro.local" failures="0" tests="6" name="Regression" time="0.227" errors="0" timestamp="2024-04-24T19:18:58 IST">
  <testcase classname="test.day1" name="Demo" time="0.015"/>
  <testcase classname="test.day1" name="SecondTest" time="0.002"/>
  <testcase classname="test.day3" name="APILoginCarLoan" time="0.002"/>
  <testcase classname="test.day3" name="MobileSignInCarLoan" time="0.003"/>
  <testcase classname="test.day3" name="MobileSignOutCarLoan" time="0.006"/>
  <testcase classname="test.day3" name="WebCarLogin" time="0.003"/>
  <testcase classname="test.day4" name="NewtravelLoan" time="0.0">
    <ignored/>
  </testcase> <!-- NewtravelLoan -->
  <testcase classname="test.day3" name="MobileLoginCarLoan" time="0.0">
    <ignored/>
  </testcase> <!-- MobileLoginCarLoan -->
  <testcase classname="test.day2" name="ploan" time="0.0">
    <ignored/>
  </testcase> <!-- ploan -->
</testsuite> <!-- Regression -->
