<?xml version="1.0" encoding="UTF-8"?>
<!-- Generated by org.testng.reporters.JUnitXMLReporter -->
<testsuite ignored="0" hostname="sampritis-MacBook-Pro.local" failures="0" tests="2" name="Default test" time="58.946" errors="0" timestamp="2024-05-09T20:21:47 IST">
  <testcase classname="io.cucumber.testng.AbstractTestNGCucumberTests" name="runScenario" time="22.21"/>
  <testcase classname="io.cucumber.testng.AbstractTestNGCucumberTests" name="runScenario" time="34.811"/>
</testsuite> <!-- Default test -->
