<?xml version="1.0" encoding="UTF-8"?>
<!-- Generated by org.testng.reporters.JUnitXMLReporter -->
<testsuite ignored="0" hostname="sampritis-MacBook-Pro.local" failures="0" tests="2" name="Surefire test" time="10.653" errors="0" timestamp="2024-05-09T20:59:53 IST">
  <testcase classname="io.cucumber.testng.AbstractTestNGCucumberTests" name="runScenario" time="5.052"/>
  <testcase classname="io.cucumber.testng.AbstractTestNGCucumberTests" name="runScenario" time="5.193"/>
</testsuite> <!-- Surefire test -->
